==574547== Helgrind, a thread error detector
==574547== Copyright (C) 2007-2017, and GNU GPL'd, by OpenWorks LLP et al.
==574547== Using Valgrind-3.15.0-608cb11914-20190413 and LibVEX; rerun with -h for copyright info
==574547== Command: ./philo 5 800 200 200 7
==574547== Parent PID: 558749
==574547== 
--574547-- 
--574547-- Valgrind options:
--574547--    --tool=helgrind
--574547--    -v
--574547--    --log-file=hg.log
--574547-- Contents of /proc/version:
--574547--   Linux version 5.4.0-162-generic (buildd@lcy02-amd64-069) (gcc version 9.4.0 (Ubuntu 9.4.0-1ubuntu1~20.04.1)) #179-Ubuntu SMP Mon Aug 14 08:51:31 UTC 2023
--574547-- 
--574547-- Arch and hwcaps: AMD64, LittleEndian, amd64-cx16-lzcnt-rdtscp-sse3-ssse3-avx-avx2-bmi-f16c-rdrand
--574547-- Page sizes: currently 4096, max supported 4096
--574547-- Valgrind library directory: /usr/lib/x86_64-linux-gnu/valgrind
==574547== helgrind --delta-stacktrace=yes only works with --vex-guest-chase-thresh=0
==574547== => (re-setting it to 0
--574547-- Reading syms from /nfs/homes/msenecha/Documents/GIT PERSO/philosophers/philo
--574547-- Reading syms from /usr/lib/x86_64-linux-gnu/ld-2.31.so
--574547--   Considering /usr/lib/debug/.build-id/45/87364908de169dec62ffa538170118c1c3a078.debug ..
--574547--   .. build-id is valid
--574547-- Reading syms from /usr/lib/x86_64-linux-gnu/valgrind/helgrind-amd64-linux
--574547--    object doesn't have a symbol table
--574547--    object doesn't have a dynamic symbol table
--574547-- Scheduler: using generic scheduler lock implementation.
--574547-- Reading suppressions file: /usr/lib/x86_64-linux-gnu/valgrind/default.supp
==574547== embedded gdbserver: reading from /tmp/vgdb-pipe-from-vgdb-to-574547-by-msenecha-on-???
==574547== embedded gdbserver: writing to   /tmp/vgdb-pipe-to-vgdb-from-574547-by-msenecha-on-???
==574547== embedded gdbserver: shared mem   /tmp/vgdb-pipe-shared-mem-vgdb-574547-by-msenecha-on-???
==574547== 
==574547== TO CONTROL THIS PROCESS USING vgdb (which you probably
==574547== don't want to do, unless you know exactly what you're doing,
==574547== or are doing some strange experiment):
==574547==   /usr/lib/x86_64-linux-gnu/valgrind/../../bin/vgdb --pid=574547 ...command...
==574547== 
==574547== TO DEBUG THIS PROCESS USING GDB: start GDB like this
==574547==   /path/to/gdb ./philo
==574547== and then give GDB the following command
==574547==   target remote | /usr/lib/x86_64-linux-gnu/valgrind/../../bin/vgdb --pid=574547
==574547== --pid is optional if only one valgrind process is running
==574547== 
--574547-- Reading syms from /usr/lib/x86_64-linux-gnu/valgrind/vgpreload_core-amd64-linux.so
--574547--    object doesn't have a symbol table
--574547-- Reading syms from /usr/lib/x86_64-linux-gnu/valgrind/vgpreload_helgrind-amd64-linux.so
--574547--    object doesn't have a symbol table
--574547-- REDIR: 0x401f600 (ld-linux-x86-64.so.2:strcmp) redirected to 0x4845900 (strcmp)
--574547-- REDIR: 0x4022e20 (ld-linux-x86-64.so.2:strlen) redirected to 0x4844d90 (strlen)
--574547-- REDIR: 0x4023380 (ld-linux-x86-64.so.2:mempcpy) redirected to 0x4848a00 (mempcpy)
--574547-- Reading syms from /usr/lib/x86_64-linux-gnu/libpthread-2.31.so
--574547--   Considering /usr/lib/debug/.build-id/7b/4536f41cdaa5888408e82d0836e33dcf436466.debug ..
--574547--   .. build-id is valid
==574547== WARNING: new redirection conflicts with existing -- ignoring it
--574547--     old: 0x04878910 (pthread_spin_init   ) W-> (0000.0) 0x04844340 pthread_spin_init
--574547--     new: 0x04878910 (pthread_spin_init   ) W-> (0000.0) 0x04844350 pthread_spin_unlock
==574547== WARNING: new redirection conflicts with existing -- ignoring it
--574547--     old: 0x04878910 (pthread_spin_init   ) W-> (0000.0) 0x04844340 pthread_spin_init
--574547--     new: 0x04878910 (pthread_spin_init   ) W-> (0000.0) 0x04844350 pthread_spin_unlock
==574547== WARNING: new redirection conflicts with existing -- ignoring it
--574547--     old: 0x0487a590 (sem_wait@@GLIBC_2.2.) W-> (0000.0) 0x04844430 sem_wait@*
--574547--     new: 0x0487a590 (sem_wait@@GLIBC_2.2.) W-> (0000.0) 0x04844420 sem_wait
==574547== WARNING: new redirection conflicts with existing -- ignoring it
--574547--     old: 0x0487aa90 (sem_post@@GLIBC_2.2.) W-> (0000.0) 0x04844450 sem_post@*
--574547--     new: 0x0487aa90 (sem_post@@GLIBC_2.2.) W-> (0000.0) 0x04844440 sem_post
--574547-- Reading syms from /usr/lib/x86_64-linux-gnu/libc-2.31.so
--574547--   Considering /usr/lib/debug/.build-id/18/78e6b475720c7c51969e69ab2d276fae6d1dee.debug ..
--574547--   .. build-id is valid
--574547-- REDIR: 0x492b480 (libc.so.6:memmove) redirected to 0x48311d0 (_vgnU_ifunc_wrapper)
--574547-- REDIR: 0x492a780 (libc.so.6:strncpy) redirected to 0x48311d0 (_vgnU_ifunc_wrapper)
--574547-- REDIR: 0x492b7b0 (libc.so.6:strcasecmp) redirected to 0x48311d0 (_vgnU_ifunc_wrapper)
--574547-- REDIR: 0x492a0a0 (libc.so.6:strcat) redirected to 0x48311d0 (_vgnU_ifunc_wrapper)
--574547-- REDIR: 0x492a7e0 (libc.so.6:rindex) redirected to 0x48311d0 (_vgnU_ifunc_wrapper)
--574547-- REDIR: 0x492cc50 (libc.so.6:rawmemchr) redirected to 0x48311d0 (_vgnU_ifunc_wrapper)
--574547-- REDIR: 0x4947ce0 (libc.so.6:wmemchr) redirected to 0x48311d0 (_vgnU_ifunc_wrapper)
--574547-- REDIR: 0x4947820 (libc.so.6:wcscmp) redirected to 0x48311d0 (_vgnU_ifunc_wrapper)
--574547-- REDIR: 0x492b5e0 (libc.so.6:mempcpy) redirected to 0x48311d0 (_vgnU_ifunc_wrapper)
--574547-- REDIR: 0x492b410 (libc.so.6:bcmp) redirected to 0x48311d0 (_vgnU_ifunc_wrapper)
--574547-- REDIR: 0x492a710 (libc.so.6:strncmp) redirected to 0x48311d0 (_vgnU_ifunc_wrapper)
--574547-- REDIR: 0x492a150 (libc.so.6:strcmp) redirected to 0x48311d0 (_vgnU_ifunc_wrapper)
--574547-- REDIR: 0x492b540 (libc.so.6:memset) redirected to 0x48311d0 (_vgnU_ifunc_wrapper)
--574547-- REDIR: 0x49477e0 (libc.so.6:wcschr) redirected to 0x48311d0 (_vgnU_ifunc_wrapper)
--574547-- REDIR: 0x492a670 (libc.so.6:strnlen) redirected to 0x48311d0 (_vgnU_ifunc_wrapper)
--574547-- REDIR: 0x492a230 (libc.so.6:strcspn) redirected to 0x48311d0 (_vgnU_ifunc_wrapper)
--574547-- REDIR: 0x492b800 (libc.so.6:strncasecmp) redirected to 0x48311d0 (_vgnU_ifunc_wrapper)
--574547-- REDIR: 0x492a1d0 (libc.so.6:strcpy) redirected to 0x48311d0 (_vgnU_ifunc_wrapper)
--574547-- REDIR: 0x492b950 (libc.so.6:memcpy@@GLIBC_2.14) redirected to 0x48311d0 (_vgnU_ifunc_wrapper)
--574547-- REDIR: 0x4948f50 (libc.so.6:wcsnlen) redirected to 0x48311d0 (_vgnU_ifunc_wrapper)
--574547-- REDIR: 0x4947860 (libc.so.6:wcscpy) redirected to 0x48311d0 (_vgnU_ifunc_wrapper)
--574547-- REDIR: 0x492a820 (libc.so.6:strpbrk) redirected to 0x48311d0 (_vgnU_ifunc_wrapper)
--574547-- REDIR: 0x492a100 (libc.so.6:index) redirected to 0x48311d0 (_vgnU_ifunc_wrapper)
--574547-- REDIR: 0x492a630 (libc.so.6:strlen) redirected to 0x48311d0 (_vgnU_ifunc_wrapper)
--574547-- REDIR: 0x4933bb0 (libc.so.6:memrchr) redirected to 0x48311d0 (_vgnU_ifunc_wrapper)
--574547-- REDIR: 0x492b850 (libc.so.6:strcasecmp_l) redirected to 0x48311d0 (_vgnU_ifunc_wrapper)
--574547-- REDIR: 0x492b3d0 (libc.so.6:memchr) redirected to 0x48311d0 (_vgnU_ifunc_wrapper)
--574547-- REDIR: 0x4947930 (libc.so.6:wcslen) redirected to 0x48311d0 (_vgnU_ifunc_wrapper)
--574547-- REDIR: 0x492aae0 (libc.so.6:strspn) redirected to 0x48311d0 (_vgnU_ifunc_wrapper)
--574547-- REDIR: 0x492b750 (libc.so.6:stpncpy) redirected to 0x48311d0 (_vgnU_ifunc_wrapper)
--574547-- REDIR: 0x492b6f0 (libc.so.6:stpcpy) redirected to 0x48311d0 (_vgnU_ifunc_wrapper)
--574547-- REDIR: 0x492cc90 (libc.so.6:strchrnul) redirected to 0x48311d0 (_vgnU_ifunc_wrapper)
--574547-- REDIR: 0x492b8a0 (libc.so.6:strncasecmp_l) redirected to 0x48311d0 (_vgnU_ifunc_wrapper)
--574547-- REDIR: 0x4a13500 (libc.so.6:__strrchr_avx2) redirected to 0x4844930 (rindex)
--574547-- REDIR: 0x49250e0 (libc.so.6:malloc) redirected to 0x483c820 (malloc)
--574547-- REDIR: 0x4872690 (libpthread.so.0:pthread_mutex_init) redirected to 0x4843c80 (pthread_mutex_init)
--574547-- REDIR: 0x48708d0 (libpthread.so.0:pthread_create@@GLIBC_2.2.5) redirected to 0x4843a30 (pthread_create@*)
--574547-- REDIR: 0x4926b10 (libc.so.6:calloc) redirected to 0x483ed80 (calloc)
--574547-- REDIR: 0x4872fc0 (libpthread.so.0:pthread_mutex_lock) redirected to 0x4843e40 (pthread_mutex_lock)
--574547-- REDIR: 0x48747b0 (libpthread.so.0:pthread_mutex_unlock) redirected to 0x4843e70 (pthread_mutex_unlock)
--574547-- REDIR: 0x4a13310 (libc.so.6:__strchrnul_avx2) redirected to 0x4848760 (strchrnul)
--574547-- REDIR: 0x4a166c0 (libc.so.6:__mempcpy_avx_unaligned_erms) redirected to 0x4848880 (mempcpy)
==574547== 
==574547== Process terminating with default action of signal 11 (SIGSEGV)
==574547==  Access not within mapped region at address 0x2D4
==574547==    at 0x4871989: pthread_detach (pthread_detach.c:30)
==574547==    by 0x10A4D8: monitoring (monitoring.c:90)
==574547==    by 0x4842B1A: ??? (in /usr/lib/x86_64-linux-gnu/valgrind/vgpreload_helgrind-amd64-linux.so)
==574547==    by 0x4870608: start_thread (pthread_create.c:477)
==574547==    by 0x49AA132: clone (clone.S:95)
==574547==  If you believe this happened as a result of a stack
==574547==  overflow in your program's main thread (unlikely but
==574547==  possible), you can try to increase the size of the
==574547==  main thread stack using the --main-stacksize= flag.
==574547==  The main thread stack size used in this run was 8388608.
==574547== 
==574547== ERROR SUMMARY: 0 errors from 0 contexts (suppressed: 0 from 0)
